<?xml version="1.0" encoding="UTF-8"?>
<testsuite name="edu.duke.xl346.battleship.BoardTest" tests="1" skipped="0" failures="0" errors="0" timestamp="2021-03-31T08:13:00" hostname="xiaodong-VirtualBox" time="0.001">
  <properties/>
  <testcase name="test_()" classname="edu.duke.xl346.battleship.BoardTest" time="0.001"/>
  <system-out><![CDATA[]]></system-out>
  <system-err><![CDATA[]]></system-err>
</testsuite>
