<?xml version="1.0" encoding="UTF-8"?>
<testsuite name="edu.duke.xl346.battleship.PlacementTest" tests="5" skipped="0" failures="0" errors="0" timestamp="2021-03-31T08:13:00" hostname="xiaodong-VirtualBox" time="0.004">
  <properties/>
  <testcase name="test_placement_constructor_error_cases()" classname="edu.duke.xl346.battleship.PlacementTest" time="0.001"/>
  <testcase name="test_hashCode()" classname="edu.duke.xl346.battleship.PlacementTest" time="0.001"/>
  <testcase name="test_equals()" classname="edu.duke.xl346.battleship.PlacementTest" time="0.0"/>
  <testcase name="test_getter()" classname="edu.duke.xl346.battleship.PlacementTest" time="0.0"/>
  <testcase name="test_string_constructor_cases()" classname="edu.duke.xl346.battleship.PlacementTest" time="0.001"/>
  <system-out><![CDATA[]]></system-out>
  <system-err><![CDATA[]]></system-err>
</testsuite>
