<?xml version="1.0" encoding="UTF-8"?>
<testsuite name="edu.duke.xl346.battleship.NoCollisionRuleCheckerTest" tests="2" skipped="0" failures="0" errors="0" timestamp="2021-03-31T08:13:01" hostname="xiaodong-VirtualBox" time="0.002">
  <properties/>
  <testcase name="test_combine_checkers()" classname="edu.duke.xl346.battleship.NoCollisionRuleCheckerTest" time="0.001"/>
  <testcase name="test_checkMyRule()" classname="edu.duke.xl346.battleship.NoCollisionRuleCheckerTest" time="0.0"/>
  <system-out><![CDATA[]]></system-out>
  <system-err><![CDATA[]]></system-err>
</testsuite>
