<?xml version="1.0" encoding="UTF-8"?>
<testsuite name="edu.duke.xl346.battleship.CoordinateTest" tests="5" skipped="0" failures="0" errors="0" timestamp="2021-03-31T08:13:00" hostname="xiaodong-VirtualBox" time="0.006">
  <properties/>
  <testcase name="test_row_and_column()" classname="edu.duke.xl346.battleship.CoordinateTest" time="0.0"/>
  <testcase name="test_string_constructor_valid_cases()" classname="edu.duke.xl346.battleship.CoordinateTest" time="0.0"/>
  <testcase name="test_hashCode()" classname="edu.duke.xl346.battleship.CoordinateTest" time="0.001"/>
  <testcase name="test_string_constructor_error_cases()" classname="edu.duke.xl346.battleship.CoordinateTest" time="0.002"/>
  <testcase name="test_equals()" classname="edu.duke.xl346.battleship.CoordinateTest" time="0.0"/>
  <system-out><![CDATA[]]></system-out>
  <system-err><![CDATA[]]></system-err>
</testsuite>
