<?xml version="1.0" encoding="UTF-8"?>
<testsuite name="edu.duke.xl346.battleship.BasicShipTest" tests="5" skipped="0" failures="0" errors="0" timestamp="2021-03-31T08:13:00" hostname="xiaodong-VirtualBox" time="0.006">
  <properties/>
  <testcase name="test_getCoordinates()" classname="edu.duke.xl346.battleship.BasicShipTest" time="0.001"/>
  <testcase name="test_isSunk()" classname="edu.duke.xl346.battleship.BasicShipTest" time="0.001"/>
  <testcase name="test_moveTo()" classname="edu.duke.xl346.battleship.BasicShipTest" time="0.0"/>
  <testcase name="test_recordHitAt_and_wasHitAt_and_getDisplayInfoAt()" classname="edu.duke.xl346.battleship.BasicShipTest" time="0.001"/>
  <testcase name="test_Constructors()" classname="edu.duke.xl346.battleship.BasicShipTest" time="0.0"/>
  <system-out><![CDATA[]]></system-out>
  <system-err><![CDATA[]]></system-err>
</testsuite>
