<?xml version="1.0" encoding="UTF-8"?>
<testsuite name="edu.duke.xl346.battleship.BoardTextViewTest" tests="6" skipped="0" failures="0" errors="0" timestamp="2021-03-31T08:13:01" hostname="xiaodong-VirtualBox" time="0.012">
  <properties/>
  <testcase name="test_dispaly_nonempty_2by2()" classname="edu.duke.xl346.battleship.BoardTextViewTest" time="0.001"/>
  <testcase name="test_invalid_board_size()" classname="edu.duke.xl346.battleship.BoardTextViewTest" time="0.001"/>
  <testcase name="test_desplayMyBoardWithEnemyNextToIt()" classname="edu.duke.xl346.battleship.BoardTextViewTest" time="0.001"/>
  <testcase name="test_display_empty_2by2()" classname="edu.duke.xl346.battleship.BoardTextViewTest" time="0.001"/>
  <testcase name="test_display_empty_3by2()" classname="edu.duke.xl346.battleship.BoardTextViewTest" time="0.005"/>
  <testcase name="test_display_empty_3by5()" classname="edu.duke.xl346.battleship.BoardTextViewTest" time="0.001"/>
  <system-out><![CDATA[]]></system-out>
  <system-err><![CDATA[]]></system-err>
</testsuite>
