<?xml version="1.0" encoding="UTF-8"?>
<testsuite name="edu.duke.xl346.battleship.V1ShipFactoryTest" tests="1" skipped="0" failures="0" errors="0" timestamp="2021-03-31T08:13:00" hostname="xiaodong-VirtualBox" time="0.004">
  <properties/>
  <testcase name="test_makeShip()" classname="edu.duke.xl346.battleship.V1ShipFactoryTest" time="0.004"/>
  <system-out><![CDATA[]]></system-out>
  <system-err><![CDATA[]]></system-err>
</testsuite>
