<?xml version="1.0" encoding="UTF-8"?>
<testsuite name="edu.duke.xl346.battleship.RectangleShipTest" tests="2" skipped="0" failures="0" errors="0" timestamp="2021-03-31T08:13:01" hostname="xiaodong-VirtualBox" time="0.001">
  <properties/>
  <testcase name="test_makeCoords()" classname="edu.duke.xl346.battleship.RectangleShipTest" time="0.0"/>
  <testcase name="test_construtors()" classname="edu.duke.xl346.battleship.RectangleShipTest" time="0.001"/>
  <system-out><![CDATA[]]></system-out>
  <system-err><![CDATA[]]></system-err>
</testsuite>
