<?xml version="1.0" encoding="UTF-8"?>
<testsuite name="edu.duke.xl346.battleship.BattleShipBoardTest" tests="9" skipped="0" failures="0" errors="0" timestamp="2021-03-31T08:13:00" hostname="xiaodong-VirtualBox" time="0.012">
  <properties/>
  <testcase name="test_tryAddShip()" classname="edu.duke.xl346.battleship.BattleShipBoardTest" time="0.001"/>
  <testcase name="test_move()" classname="edu.duke.xl346.battleship.BattleShipBoardTest" time="0.003"/>
  <testcase name="test_SonarScanning()" classname="edu.duke.xl346.battleship.BattleShipBoardTest" time="0.001"/>
  <testcase name="test_fireAt()" classname="edu.duke.xl346.battleship.BattleShipBoardTest" time="0.001"/>
  <testcase name="test_randomlyPickFrom()" classname="edu.duke.xl346.battleship.BattleShipBoardTest" time="0.001"/>
  <testcase name="test_myShips()" classname="edu.duke.xl346.battleship.BattleShipBoardTest" time="0.001"/>
  <testcase name="test_width_and_height()" classname="edu.duke.xl346.battleship.BattleShipBoardTest" time="0.0"/>
  <testcase name="test_ifAllSunk()" classname="edu.duke.xl346.battleship.BattleShipBoardTest" time="0.001"/>
  <testcase name="test_invalid_dimensions()" classname="edu.duke.xl346.battleship.BattleShipBoardTest" time="0.002"/>
  <system-out><![CDATA[placementProblem != null
]]></system-out>
  <system-err><![CDATA[]]></system-err>
</testsuite>
